<?xml version="1.0" encoding="UTF-8"?>
<testsuite name="Method.UserLoginRegisterTest" tests="6" skipped="0" failures="0" errors="0" timestamp="2022-11-02T12:58:33" hostname="ZhengdeMBP" time="0.005">
  <properties/>
  <testcase name="testAlreadyExistUserName()" classname="Method.UserLoginRegisterTest" time="0.001"/>
  <testcase name="testLoginFailed()" classname="Method.UserLoginRegisterTest" time="0.001"/>
  <testcase name="testLoginNormal()" classname="Method.UserLoginRegisterTest" time="0.0"/>
  <testcase name="testGetUserByUserName()" classname="Method.UserLoginRegisterTest" time="0.0"/>
  <testcase name="testNormal()" classname="Method.UserLoginRegisterTest" time="0.001"/>
  <testcase name="testWrongInputArgs()" classname="Method.UserLoginRegisterTest" time="0.001"/>
  <system-out><![CDATA[Username already exists.
You have not entered a username or a password.
Invalid username
A valid username is composed of letters, numbers or symbols.
Whitespace is not allowed in username. 
Invalid password
Whitespace is not allowed in password.
]]></system-out>
  <system-err><![CDATA[]]></system-err>
</testsuite>
